This file contains any messages produced by compilers while
running configure, to aid debugging if configure makes a mistake.

It was created by configure, which was
generated by GNU Autoconf 2.59b.  Invocation command line was

  $ ./configure --prefix=/Users/jeffrey/Documents/Projects/cavewriting/CW2/build/osx/buildlib

## --------- ##
## Platform. ##
## --------- ##

hostname = Onca.local
uname -m = i386
uname -r = 10.7.0
uname -s = Darwin
uname -v = Darwin Kernel Version 10.7.0: Sat Jan 29 15:17:16 PST 2011; root:xnu-1504.9.37~1/RELEASE_I386

/usr/bin/uname -p = i386
/bin/uname -X     = unknown

/bin/arch              = unknown
/usr/bin/arch -k       = unknown
/usr/convex/getsysinfo = unknown
hostinfo               = Mach kernel version:
	 Darwin Kernel Version 10.7.0: Sat Jan 29 15:17:16 PST 2011; root:xnu-1504.9.37~1/RELEASE_I386
Kernel configured for up to 2 processors.
2 processors are physically available.
2 processors are logically available.
Processor type: i486 (Intel 80486)
Processors active: 0 1
Primary memory available: 4.00 gigabytes
Default processor set: 88 tasks, 352 threads, 2 processors
Load average: 1.14, Mach factor: 1.16
/bin/machine           = unknown
/usr/bin/oslevel       = unknown
/bin/universe          = unknown

PATH: /opt/local/bin
PATH: /opt/local/sbin
PATH: /opt/local/bin
PATH: /opt/local/sbin
PATH: /Developer/usr/bin
PATH: /opt/local/bin
PATH: /opt/local/sbin
PATH: /usr/bin
PATH: /bin
PATH: /usr/sbin
PATH: /sbin
PATH: /usr/local/bin
PATH: /usr/X11/bin
PATH: /usr/local/pspdev/bin
PATH: /usr/local/devkitPro/devkitPPC/bin


## ----------- ##
## Core tests. ##
## ----------- ##

configure:1774: checking build system type
configure:1792: result: i686-apple-darwin10.7.0
configure:1800: checking host system type
configure:1814: result: i686-apple-darwin10.7.0
configure:1822: checking target system type
configure:1836: result: i686-apple-darwin10.7.0
configure:1900: checking for gcc
configure:1916: found /Developer/usr/bin/gcc
configure:1926: result: gcc
configure:2206: checking for C compiler version
configure:2209: gcc --version </dev/null >&5
i686-apple-darwin10-gcc-4.2.1 (GCC) 4.2.1 (Apple Inc. build 5664)
Copyright (C) 2007 Free Software Foundation, Inc.
This is free software; see the source for copying conditions.  There is NO
warranty; not even for MERCHANTABILITY or FITNESS FOR A PARTICULAR PURPOSE.

configure:2212: $? = 0
configure:2214: gcc -v </dev/null >&5
Using built-in specs.
Target: i686-apple-darwin10
Configured with: /var/tmp/gcc/gcc-5664~105/src/configure --disable-checking --enable-werror --prefix=/usr --mandir=/share/man --enable-languages=c,objc,c++,obj-c++ --program-transform-name=/^[cg][^.-]*$/s/$/-4.2/ --with-slibdir=/usr/lib --build=i686-apple-darwin10 --program-prefix=i686-apple-darwin10- --host=x86_64-apple-darwin10 --target=i686-apple-darwin10 --with-gxx-include-dir=/include/c++/4.2.1
Thread model: posix
gcc version 4.2.1 (Apple Inc. build 5664)
configure:2217: $? = 0
configure:2219: gcc -V </dev/null >&5
gcc-4.2: argument to `-V' is missing
configure:2222: $? = 1
configure:2245: checking for C compiler default output file name
configure:2267: gcc    conftest.c  >&5
configure:2270: $? = 0
configure:2308: result: a.out
configure:2313: checking whether the C compiler works
configure:2319: ./a.out
configure:2322: $? = 0
configure:2339: result: yes
configure:2346: checking whether we are cross compiling
configure:2348: result: no
configure:2351: checking for suffix of executables
configure:2353: gcc -o conftest    conftest.c  >&5
configure:2356: $? = 0
configure:2381: result: 
configure:2387: checking for suffix of object files
configure:2408: gcc -c   conftest.c >&5
configure:2411: $? = 0
configure:2433: result: o
configure:2437: checking whether we are using the GNU C compiler
configure:2461: gcc -c   conftest.c >&5
configure:2467: $? = 0
configure:2471: test -z 
			 || test ! -s conftest.err
configure:2474: $? = 0
configure:2477: test -s conftest.o
configure:2480: $? = 0
configure:2493: result: yes
configure:2498: checking whether gcc accepts -g
configure:2523: gcc -c -g  conftest.c >&5
configure:2529: $? = 0
configure:2533: test -z yes
			 || test ! -s conftest.err
configure:2536: $? = 0
configure:2539: test -s conftest.o
configure:2542: $? = 0
configure:2644: result: yes
configure:2661: checking for gcc option to accept ANSI C
configure:2731: gcc  -c -g -O2  conftest.c >&5
configure:2737: $? = 0
configure:2741: test -z 
			 || test ! -s conftest.err
configure:2744: $? = 0
configure:2747: test -s conftest.o
configure:2750: $? = 0
configure:2768: result: none needed
configure:2786: gcc -c -g -O2  conftest.c >&5
conftest.c:2: error: expected '=', ',', ';', 'asm' or '__attribute__' before 'me'
configure:2792: $? = 1
configure: failed program was:
| #ifndef __cplusplus
|   choke me
| #endif
configure:2930: checking how to run the C preprocessor
configure:2965: gcc -E  conftest.c
configure:2971: $? = 0
configure:3003: gcc -E  conftest.c
conftest.c:9:28: error: ac_nonexistent.h: No such file or directory
configure:3009: $? = 1
configure: failed program was:
| /* confdefs.h.  */
|              
| #define PACKAGE_NAME ""
| #define PACKAGE_TARNAME ""
| #define PACKAGE_VERSION ""
| #define PACKAGE_STRING ""
| #define PACKAGE_BUGREPORT ""
| /* end confdefs.h.  */
| #include <ac_nonexistent.h>
configure:3048: result: gcc -E
configure:3072: gcc -E  conftest.c
configure:3078: $? = 0
configure:3110: gcc -E  conftest.c
conftest.c:9:28: error: ac_nonexistent.h: No such file or directory
configure:3116: $? = 1
configure: failed program was:
| /* confdefs.h.  */
|              
| #define PACKAGE_NAME ""
| #define PACKAGE_TARNAME ""
| #define PACKAGE_VERSION ""
| #define PACKAGE_STRING ""
| #define PACKAGE_BUGREPORT ""
| /* end confdefs.h.  */
| #include <ac_nonexistent.h>
configure:3187: checking for rm
configure:3203: found /bin/rm
configure:3213: result: rm -f
configure:3222: checking for rmdir
configure:3238: found /bin/rmdir
configure:3248: result: rmdir
configure:3274: checking for a BSD-compatible install
configure:3329: result: /opt/local/bin/ginstall -c
configure:3352: checking for grep that handles long lines and -e
configure:3446: result: /usr/bin/grep
configure:3451: checking for egrep
configure:3549: result: /usr/bin/grep -E
configure:3554: checking for ANSI C header files
configure:3579: gcc -c -g -O2  conftest.c >&5
configure:3585: $? = 0
configure:3589: test -z 
			 || test ! -s conftest.err
configure:3592: $? = 0
configure:3595: test -s conftest.o
configure:3598: $? = 0
configure:3688: gcc -o conftest -g -O2   conftest.c  >&5
configure:3691: $? = 0
configure:3693: ./conftest
configure:3696: $? = 0
configure:3711: result: yes
configure:3735: checking for sys/types.h
configure:3751: gcc -c -g -O2  conftest.c >&5
configure:3757: $? = 0
configure:3761: test -z 
			 || test ! -s conftest.err
configure:3764: $? = 0
configure:3767: test -s conftest.o
configure:3770: $? = 0
configure:3781: result: yes
configure:3735: checking for sys/stat.h
configure:3751: gcc -c -g -O2  conftest.c >&5
configure:3757: $? = 0
configure:3761: test -z 
			 || test ! -s conftest.err
configure:3764: $? = 0
configure:3767: test -s conftest.o
configure:3770: $? = 0
configure:3781: result: yes
configure:3735: checking for stdlib.h
configure:3751: gcc -c -g -O2  conftest.c >&5
configure:3757: $? = 0
configure:3761: test -z 
			 || test ! -s conftest.err
configure:3764: $? = 0
configure:3767: test -s conftest.o
configure:3770: $? = 0
configure:3781: result: yes
configure:3735: checking for string.h
configure:3751: gcc -c -g -O2  conftest.c >&5
configure:3757: $? = 0
configure:3761: test -z 
			 || test ! -s conftest.err
configure:3764: $? = 0
configure:3767: test -s conftest.o
configure:3770: $? = 0
configure:3781: result: yes
configure:3735: checking for memory.h
configure:3751: gcc -c -g -O2  conftest.c >&5
configure:3757: $? = 0
configure:3761: test -z 
			 || test ! -s conftest.err
configure:3764: $? = 0
configure:3767: test -s conftest.o
configure:3770: $? = 0
configure:3781: result: yes
configure:3735: checking for strings.h
configure:3751: gcc -c -g -O2  conftest.c >&5
configure:3757: $? = 0
configure:3761: test -z 
			 || test ! -s conftest.err
configure:3764: $? = 0
configure:3767: test -s conftest.o
configure:3770: $? = 0
configure:3781: result: yes
configure:3735: checking for inttypes.h
configure:3751: gcc -c -g -O2  conftest.c >&5
configure:3757: $? = 0
configure:3761: test -z 
			 || test ! -s conftest.err
configure:3764: $? = 0
configure:3767: test -s conftest.o
configure:3770: $? = 0
configure:3781: result: yes
configure:3735: checking for stdint.h
configure:3751: gcc -c -g -O2  conftest.c >&5
configure:3757: $? = 0
configure:3761: test -z 
			 || test ! -s conftest.err
configure:3764: $? = 0
configure:3767: test -s conftest.o
configure:3770: $? = 0
configure:3781: result: yes
configure:3735: checking for unistd.h
configure:3751: gcc -c -g -O2  conftest.c >&5
configure:3757: $? = 0
configure:3761: test -z 
			 || test ! -s conftest.err
configure:3764: $? = 0
configure:3767: test -s conftest.o
configure:3770: $? = 0
configure:3781: result: yes
configure:3808: checking fcntl.h usability
configure:3820: gcc -c -g -O2  conftest.c >&5
configure:3826: $? = 0
configure:3830: test -z 
			 || test ! -s conftest.err
configure:3833: $? = 0
configure:3836: test -s conftest.o
configure:3839: $? = 0
configure:3849: result: yes
configure:3853: checking fcntl.h presence
configure:3863: gcc -E  conftest.c
configure:3869: $? = 0
configure:3889: result: yes
configure:3924: checking for fcntl.h
configure:3931: result: yes
configure:3799: checking for unistd.h
configure:3804: result: yes
configure:3948: checking for an ANSI C-conforming const
configure:4015: gcc -c -g -O2  conftest.c >&5
configure:4021: $? = 0
configure:4025: test -z 
			 || test ! -s conftest.err
configure:4028: $? = 0
configure:4031: test -s conftest.o
configure:4034: $? = 0
configure:4045: result: yes
configure:4055: checking for int
configure:4079: gcc -c -g -O2  conftest.c >&5
configure:4085: $? = 0
configure:4089: test -z 
			 || test ! -s conftest.err
configure:4092: $? = 0
configure:4095: test -s conftest.o
configure:4098: $? = 0
configure:4109: result: yes
configure:4112: checking size of int
configure:4424: gcc -o conftest -g -O2   conftest.c  >&5
configure:4427: $? = 0
configure:4429: ./conftest
configure:4432: $? = 0
configure:4454: result: 4
configure:4461: checking for long
configure:4485: gcc -c -g -O2  conftest.c >&5
configure:4491: $? = 0
configure:4495: test -z 
			 || test ! -s conftest.err
configure:4498: $? = 0
configure:4501: test -s conftest.o
configure:4504: $? = 0
configure:4515: result: yes
configure:4518: checking size of long
configure:4830: gcc -o conftest -g -O2   conftest.c  >&5
configure:4833: $? = 0
configure:4835: ./conftest
configure:4838: $? = 0
configure:4860: result: 8
configure:4879: checking for stdlib.h
configure:4884: result: yes
configure:4879: checking for unistd.h
configure:4884: result: yes
configure:5028: checking for getpagesize
configure:5085: gcc -o conftest -g -O2   conftest.c  >&5
configure:5091: $? = 0
configure:5095: test -z 
			 || test ! -s conftest.err
configure:5098: $? = 0
configure:5101: test -s conftest
configure:5104: $? = 0
configure:5116: result: yes
configure:5126: checking for working mmap
configure:5268: gcc -o conftest -g -O2   conftest.c  >&5
configure:5271: $? = 0
configure:5273: ./conftest
configure:5276: $? = 0
configure:5290: result: yes
configure:5306: checking whether munmap is declared
configure:5338: gcc -c -g -O2  conftest.c >&5
configure:5344: $? = 0
configure:5348: test -z 
			 || test ! -s conftest.err
configure:5351: $? = 0
configure:5354: test -s conftest.o
configure:5357: $? = 0
configure:5368: result: yes
configure:5387: checking for munmap's first parameter type
configure:5406: gcc -c -g -O2  conftest.c >&5
configure:5412: $? = 0
configure:5416: test -z 
			 || test ! -s conftest.err
configure:5419: $? = 0
configure:5422: test -s conftest.o
configure:5425: $? = 0
configure:5427: result: void *
configure:5451: checking for memcpy
configure:5508: gcc -o conftest -g -O2   conftest.c  >&5
conftest.c:53: warning: conflicting types for built-in function 'memcpy'
configure:5514: $? = 0
configure:5518: test -z 
			 || test ! -s conftest.err
configure:5521: $? = 0
configure:5524: test -s conftest
configure:5527: $? = 0
configure:5539: result: yes
configure:5451: checking for memmove
configure:5508: gcc -o conftest -g -O2   conftest.c  >&5
conftest.c:54: warning: conflicting types for built-in function 'memmove'
configure:5514: $? = 0
configure:5518: test -z 
			 || test ! -s conftest.err
configure:5521: $? = 0
configure:5524: test -s conftest
configure:5527: $? = 0
configure:5539: result: yes
configure:5560: checking for gzsetparams in -lz
configure:5590: gcc -o conftest -g -O2   conftest.c -lz   >&5
configure:5596: $? = 0
configure:5600: test -z 
			 || test ! -s conftest.err
configure:5603: $? = 0
configure:5606: test -s conftest
configure:5609: $? = 0
configure:5622: result: yes
configure:5635: checking zlib.h usability
configure:5647: gcc -c -g -O2  conftest.c >&5
configure:5653: $? = 0
configure:5657: test -z 
			 || test ! -s conftest.err
configure:5660: $? = 0
configure:5663: test -s conftest.o
configure:5666: $? = 0
configure:5676: result: yes
configure:5680: checking zlib.h presence
configure:5690: gcc -E  conftest.c
configure:5696: $? = 0
configure:5716: result: yes
configure:5751: checking for zlib.h
configure:5758: result: yes
configure:5871: checking for a sed that does not truncate output
configure:5925: result: /opt/local/bin/gsed
configure:5939: checking for ld used by gcc
configure:6006: result: /Developer/usr/libexec/gcc/i686-apple-darwin10/4.2.1/ld
configure:6015: checking if the linker (/Developer/usr/libexec/gcc/i686-apple-darwin10/4.2.1/ld) is GNU ld
configure:6030: result: no
configure:6035: checking for /Developer/usr/libexec/gcc/i686-apple-darwin10/4.2.1/ld option to reload object files
configure:6042: result: -r
configure:6060: checking for BSD-compatible nm
configure:6102: result: /Developer/usr/bin/nm
configure:6106: checking whether ln -s works
configure:6110: result: yes
configure:6117: checking how to recognise dependent libraries
configure:6289: result: pass_all
configure:6511: checking dlfcn.h usability
configure:6523: gcc -c -g -O2 -DFT_CONFIG_OPTION_SYSTEM_ZLIB -DDARWIN_NO_CARBON  conftest.c >&5
configure:6529: $? = 0
configure:6533: test -z 
			 || test ! -s conftest.err
configure:6536: $? = 0
configure:6539: test -s conftest.o
configure:6542: $? = 0
configure:6552: result: yes
configure:6556: checking dlfcn.h presence
configure:6566: gcc -E  conftest.c
configure:6572: $? = 0
configure:6592: result: yes
configure:6627: checking for dlfcn.h
configure:6634: result: yes
configure:6699: checking for g++
configure:6715: found /Developer/usr/bin/g++
configure:6725: result: g++
configure:6752: checking for C++ compiler version
configure:6755: g++ --version </dev/null >&5
i686-apple-darwin10-g++-4.2.1 (GCC) 4.2.1 (Apple Inc. build 5664)
Copyright (C) 2007 Free Software Foundation, Inc.
This is free software; see the source for copying conditions.  There is NO
warranty; not even for MERCHANTABILITY or FITNESS FOR A PARTICULAR PURPOSE.

configure:6758: $? = 0
configure:6760: g++ -v </dev/null >&5
Using built-in specs.
Target: i686-apple-darwin10
Configured with: /var/tmp/gcc/gcc-5664~105/src/configure --disable-checking --enable-werror --prefix=/usr --mandir=/share/man --enable-languages=c,objc,c++,obj-c++ --program-transform-name=/^[cg][^.-]*$/s/$/-4.2/ --with-slibdir=/usr/lib --build=i686-apple-darwin10 --program-prefix=i686-apple-darwin10- --host=x86_64-apple-darwin10 --target=i686-apple-darwin10 --with-gxx-include-dir=/include/c++/4.2.1
Thread model: posix
gcc version 4.2.1 (Apple Inc. build 5664)
configure:6763: $? = 0
configure:6765: g++ -V </dev/null >&5
g++-4.2: argument to `-V' is missing
configure:6768: $? = 1
configure:6771: checking whether we are using the GNU C++ compiler
configure:6795: g++ -c   conftest.cc >&5
configure:6801: $? = 0
configure:6805: test -z 
			 || test ! -s conftest.err
configure:6808: $? = 0
configure:6811: test -s conftest.o
configure:6814: $? = 0
configure:6827: result: yes
configure:6832: checking whether g++ accepts -g
configure:6857: g++ -c -g  conftest.cc >&5
configure:6863: $? = 0
configure:6867: test -z yes
			 || test ! -s conftest.err
configure:6870: $? = 0
configure:6873: test -s conftest.o
configure:6876: $? = 0
configure:6978: result: yes
configure:7020: g++ -c -g -O2  conftest.cc >&5
configure:7026: $? = 0
configure:7030: test -z 
			 || test ! -s conftest.err
configure:7033: $? = 0
configure:7036: test -s conftest.o
configure:7039: $? = 0
configure:7065: g++ -c -g -O2  conftest.cc >&5
conftest.cc: In function 'int main()':
conftest.cc:36: error: 'exit' was not declared in this scope
configure:7071: $? = 1
configure: failed program was:
| /* confdefs.h.  */
|              
| #define PACKAGE_NAME ""
| #define PACKAGE_TARNAME ""
| #define PACKAGE_VERSION ""
| #define PACKAGE_STRING ""
| #define PACKAGE_BUGREPORT ""
| #define STDC_HEADERS 1
| #define HAVE_SYS_TYPES_H 1
| #define HAVE_SYS_STAT_H 1
| #define HAVE_STDLIB_H 1
| #define HAVE_STRING_H 1
| #define HAVE_MEMORY_H 1
| #define HAVE_STRINGS_H 1
| #define HAVE_INTTYPES_H 1
| #define HAVE_STDINT_H 1
| #define HAVE_UNISTD_H 1
| #define HAVE_FCNTL_H 1
| #define HAVE_UNISTD_H 1
| #define SIZEOF_INT 4
| #define SIZEOF_LONG 8
| #define HAVE_STDLIB_H 1
| #define HAVE_UNISTD_H 1
| #define HAVE_GETPAGESIZE 1
| #define HAVE_MMAP 1
| #define HAVE_DECL_MUNMAP 1
| #define MUNMAP_USES_VOIDP
| #define HAVE_MEMCPY 1
| #define HAVE_MEMMOVE 1
| #define HAVE_DLFCN_H 1
| /* end confdefs.h.  */
| 
| int
| main ()
| {
| exit (42);
|   ;
|   return 0;
| }
configure:7020: g++ -c -g -O2  conftest.cc >&5
conftest.cc:32: error: 'void std::exit(int)' should have been declared inside 'std'
In file included from conftest.cc:33:
/usr/include/stdlib.h:159: error: declaration of 'void std::exit(int)' throws different exceptions
conftest.cc:32: error: from previous declaration 'void std::exit(int) throw ()'
configure:7026: $? = 1
configure: failed program was:
| /* confdefs.h.  */
|              
| #define PACKAGE_NAME ""
| #define PACKAGE_TARNAME ""
| #define PACKAGE_VERSION ""
| #define PACKAGE_STRING ""
| #define PACKAGE_BUGREPORT ""
| #define STDC_HEADERS 1
| #define HAVE_SYS_TYPES_H 1
| #define HAVE_SYS_STAT_H 1
| #define HAVE_STDLIB_H 1
| #define HAVE_STRING_H 1
| #define HAVE_MEMORY_H 1
| #define HAVE_STRINGS_H 1
| #define HAVE_INTTYPES_H 1
| #define HAVE_STDINT_H 1
| #define HAVE_UNISTD_H 1
| #define HAVE_FCNTL_H 1
| #define HAVE_UNISTD_H 1
| #define SIZEOF_INT 4
| #define SIZEOF_LONG 8
| #define HAVE_STDLIB_H 1
| #define HAVE_UNISTD_H 1
| #define HAVE_GETPAGESIZE 1
| #define HAVE_MMAP 1
| #define HAVE_DECL_MUNMAP 1
| #define MUNMAP_USES_VOIDP
| #define HAVE_MEMCPY 1
| #define HAVE_MEMMOVE 1
| #define HAVE_DLFCN_H 1
| /* end confdefs.h.  */
| extern "C" void std::exit (int) throw (); using std::exit;
| #include <stdlib.h>
| int
| main ()
| {
| exit (42);
|   ;
|   return 0;
| }
configure:7020: g++ -c -g -O2  conftest.cc >&5
conftest.cc:32: error: 'void std::exit(int)' should have been declared inside 'std'
configure:7026: $? = 1
configure: failed program was:
| /* confdefs.h.  */
|              
| #define PACKAGE_NAME ""
| #define PACKAGE_TARNAME ""
| #define PACKAGE_VERSION ""
| #define PACKAGE_STRING ""
| #define PACKAGE_BUGREPORT ""
| #define STDC_HEADERS 1
| #define HAVE_SYS_TYPES_H 1
| #define HAVE_SYS_STAT_H 1
| #define HAVE_STDLIB_H 1
| #define HAVE_STRING_H 1
| #define HAVE_MEMORY_H 1
| #define HAVE_STRINGS_H 1
| #define HAVE_INTTYPES_H 1
| #define HAVE_STDINT_H 1
| #define HAVE_UNISTD_H 1
| #define HAVE_FCNTL_H 1
| #define HAVE_UNISTD_H 1
| #define SIZEOF_INT 4
| #define SIZEOF_LONG 8
| #define HAVE_STDLIB_H 1
| #define HAVE_UNISTD_H 1
| #define HAVE_GETPAGESIZE 1
| #define HAVE_MMAP 1
| #define HAVE_DECL_MUNMAP 1
| #define MUNMAP_USES_VOIDP
| #define HAVE_MEMCPY 1
| #define HAVE_MEMMOVE 1
| #define HAVE_DLFCN_H 1
| /* end confdefs.h.  */
| extern "C" void std::exit (int); using std::exit;
| #include <stdlib.h>
| int
| main ()
| {
| exit (42);
|   ;
|   return 0;
| }
configure:7020: g++ -c -g -O2  conftest.cc >&5
In file included from conftest.cc:33:
/usr/include/stdlib.h:159: error: declaration of 'void exit(int)' throws different exceptions
conftest.cc:32: error: from previous declaration 'void exit(int) throw ()'
configure:7026: $? = 1
configure: failed program was:
| /* confdefs.h.  */
|              
| #define PACKAGE_NAME ""
| #define PACKAGE_TARNAME ""
| #define PACKAGE_VERSION ""
| #define PACKAGE_STRING ""
| #define PACKAGE_BUGREPORT ""
| #define STDC_HEADERS 1
| #define HAVE_SYS_TYPES_H 1
| #define HAVE_SYS_STAT_H 1
| #define HAVE_STDLIB_H 1
| #define HAVE_STRING_H 1
| #define HAVE_MEMORY_H 1
| #define HAVE_STRINGS_H 1
| #define HAVE_INTTYPES_H 1
| #define HAVE_STDINT_H 1
| #define HAVE_UNISTD_H 1
| #define HAVE_FCNTL_H 1
| #define HAVE_UNISTD_H 1
| #define SIZEOF_INT 4
| #define SIZEOF_LONG 8
| #define HAVE_STDLIB_H 1
| #define HAVE_UNISTD_H 1
| #define HAVE_GETPAGESIZE 1
| #define HAVE_MMAP 1
| #define HAVE_DECL_MUNMAP 1
| #define MUNMAP_USES_VOIDP
| #define HAVE_MEMCPY 1
| #define HAVE_MEMMOVE 1
| #define HAVE_DLFCN_H 1
| /* end confdefs.h.  */
| extern "C" void exit (int) throw ();
| #include <stdlib.h>
| int
| main ()
| {
| exit (42);
|   ;
|   return 0;
| }
configure:7020: g++ -c -g -O2  conftest.cc >&5
configure:7026: $? = 0
configure:7030: test -z 
			 || test ! -s conftest.err
configure:7033: $? = 0
configure:7036: test -s conftest.o
configure:7039: $? = 0
configure:7065: g++ -c -g -O2  conftest.cc >&5
configure:7071: $? = 0
configure:7075: test -z 
			 || test ! -s conftest.err
configure:7078: $? = 0
configure:7081: test -s conftest.o
configure:7084: $? = 0
configure:7117: checking how to run the C++ preprocessor
configure:7148: g++ -E  conftest.cc
configure:7154: $? = 0
configure:7186: g++ -E  conftest.cc
conftest.cc:35:28: error: ac_nonexistent.h: No such file or directory
configure:7192: $? = 1
configure: failed program was:
| /* confdefs.h.  */
|              
| #define PACKAGE_NAME ""
| #define PACKAGE_TARNAME ""
| #define PACKAGE_VERSION ""
| #define PACKAGE_STRING ""
| #define PACKAGE_BUGREPORT ""
| #define STDC_HEADERS 1
| #define HAVE_SYS_TYPES_H 1
| #define HAVE_SYS_STAT_H 1
| #define HAVE_STDLIB_H 1
| #define HAVE_STRING_H 1
| #define HAVE_MEMORY_H 1
| #define HAVE_STRINGS_H 1
| #define HAVE_INTTYPES_H 1
| #define HAVE_STDINT_H 1
| #define HAVE_UNISTD_H 1
| #define HAVE_FCNTL_H 1
| #define HAVE_UNISTD_H 1
| #define SIZEOF_INT 4
| #define SIZEOF_LONG 8
| #define HAVE_STDLIB_H 1
| #define HAVE_UNISTD_H 1
| #define HAVE_GETPAGESIZE 1
| #define HAVE_MMAP 1
| #define HAVE_DECL_MUNMAP 1
| #define MUNMAP_USES_VOIDP
| #define HAVE_MEMCPY 1
| #define HAVE_MEMMOVE 1
| #define HAVE_DLFCN_H 1
| #ifdef __cplusplus
| extern "C" void exit (int);
| #endif
| /* end confdefs.h.  */
| #include <ac_nonexistent.h>
configure:7231: result: g++ -E
configure:7255: g++ -E  conftest.cc
configure:7261: $? = 0
configure:7293: g++ -E  conftest.cc
conftest.cc:35:28: error: ac_nonexistent.h: No such file or directory
configure:7299: $? = 1
configure: failed program was:
| /* confdefs.h.  */
|              
| #define PACKAGE_NAME ""
| #define PACKAGE_TARNAME ""
| #define PACKAGE_VERSION ""
| #define PACKAGE_STRING ""
| #define PACKAGE_BUGREPORT ""
| #define STDC_HEADERS 1
| #define HAVE_SYS_TYPES_H 1
| #define HAVE_SYS_STAT_H 1
| #define HAVE_STDLIB_H 1
| #define HAVE_STRING_H 1
| #define HAVE_MEMORY_H 1
| #define HAVE_STRINGS_H 1
| #define HAVE_INTTYPES_H 1
| #define HAVE_STDINT_H 1
| #define HAVE_UNISTD_H 1
| #define HAVE_FCNTL_H 1
| #define HAVE_UNISTD_H 1
| #define SIZEOF_INT 4
| #define SIZEOF_LONG 8
| #define HAVE_STDLIB_H 1
| #define HAVE_UNISTD_H 1
| #define HAVE_GETPAGESIZE 1
| #define HAVE_MMAP 1
| #define HAVE_DECL_MUNMAP 1
| #define MUNMAP_USES_VOIDP
| #define HAVE_MEMCPY 1
| #define HAVE_MEMMOVE 1
| #define HAVE_DLFCN_H 1
| #ifdef __cplusplus
| extern "C" void exit (int);
| #endif
| /* end confdefs.h.  */
| #include <ac_nonexistent.h>
configure:7396: checking for g77
configure:7425: result: no
configure:7396: checking for f77
configure:7425: result: no
configure:7396: checking for xlf
configure:7425: result: no
configure:7396: checking for frt
configure:7425: result: no
configure:7396: checking for pgf77
configure:7425: result: no
configure:7396: checking for fort77
configure:7425: result: no
configure:7396: checking for fl32
configure:7425: result: no
configure:7396: checking for af77
configure:7425: result: no
configure:7396: checking for f90
configure:7425: result: no
configure:7396: checking for xlf90
configure:7425: result: no
configure:7396: checking for pgf90
configure:7425: result: no
configure:7396: checking for pghpf
configure:7425: result: no
configure:7396: checking for epcf90
configure:7425: result: no
configure:7396: checking for f95
configure:7425: result: no
configure:7396: checking for fort
configure:7425: result: no
configure:7396: checking for xlf95
configure:7425: result: no
configure:7396: checking for ifort
configure:7425: result: no
configure:7396: checking for ifc
configure:7425: result: no
configure:7396: checking for efc
configure:7425: result: no
configure:7396: checking for pgf95
configure:7425: result: no
configure:7396: checking for lf95
configure:7425: result: no
configure:7396: checking for gfortran
configure:7425: result: no
configure:7449: checking for Fortran 77 compiler version
configure:7452:  --version </dev/null >&5
./configure: line 7453: --version: command not found
configure:7455: $? = 127
configure:7457:  -v </dev/null >&5
./configure: line 7458: -v: command not found
configure:7460: $? = 127
configure:7462:  -V </dev/null >&5
./configure: line 7463: -V: command not found
configure:7465: $? = 127
configure:7473: checking whether we are using the GNU Fortran 77 compiler
configure:7487:  -c  conftest.F >&5
./configure: line 7488: -c: command not found
configure:7493: $? = 127
configure: failed program was:
|       program main
| #ifndef __GNUC__
|        choke me
| #endif
| 
|       end
configure:7519: result: no
configure:7525: checking whether  accepts -g
configure:7537:  -c -g conftest.f >&5
./configure: line 7538: -c: command not found
configure:7543: $? = 127
configure: failed program was:
|       program main
| 
|       end
configure:7568: result: no
configure:7598: checking the maximum length of command line arguments
configure:7690: result: 196608
configure:7701: checking command to parse /Developer/usr/bin/nm output from gcc object
configure:7797: gcc -c -g -O2 -DFT_CONFIG_OPTION_SYSTEM_ZLIB -DDARWIN_NO_CARBON  conftest.c >&5
configure:7800: $? = 0
configure:7804: /Developer/usr/bin/nm conftest.o \| sed -n -e 's/^.*[ 	]\([BCDEGRST][BCDEGRST]*\)[ 	][ 	]*\([_A-Za-z][_A-Za-z0-9]*\)$/\1 \2 \2/p' \> conftest.nm
configure:7807: $? = 0
cannot find nm_test_var in conftest.nm
configure:7797: gcc -c -g -O2 -DFT_CONFIG_OPTION_SYSTEM_ZLIB -DDARWIN_NO_CARBON  conftest.c >&5
configure:7800: $? = 0
configure:7804: /Developer/usr/bin/nm conftest.o \| sed -n -e 's/^.*[ 	]\([BCDEGRST][BCDEGRST]*\)[ 	][ 	]*_\([_A-Za-z][_A-Za-z0-9]*\)$/\1 _\2 \2/p' \> conftest.nm
configure:7807: $? = 0
configure:7859: gcc -o conftest -g -O2 -DFT_CONFIG_OPTION_SYSTEM_ZLIB -DDARWIN_NO_CARBON   -lz conftest.c conftstm.o >&5
configure:7862: $? = 0
configure:7900: result: ok
configure:7904: checking for objdir
configure:7919: result: .libs
configure:8009: checking for ar
configure:8025: found /Developer/usr/bin/ar
configure:8035: result: ar
configure:8100: checking for ranlib
configure:8116: found /Developer/usr/bin/ranlib
configure:8126: result: ranlib
configure:8191: checking for strip
configure:8207: found /Developer/usr/bin/strip
configure:8217: result: strip
configure:8516: checking if gcc static flag  works
configure:8544: result: yes
configure:8562: checking if gcc supports -fno-rtti -fno-exceptions
configure:8580: gcc -c -g -O2 -DFT_CONFIG_OPTION_SYSTEM_ZLIB -DDARWIN_NO_CARBON  -fno-rtti -fno-exceptions conftest.c >&5
cc1: warning: command line option "-fno-rtti" is valid for C++/ObjC++ but not for C
configure:8584: $? = 0
configure:8597: result: no
configure:8612: checking for gcc option to produce PIC
configure:8816: result: -fno-common
configure:8824: checking if gcc PIC flag -fno-common works
configure:8842: gcc -c -g -O2 -DFT_CONFIG_OPTION_SYSTEM_ZLIB -DDARWIN_NO_CARBON  -fno-common -DPIC conftest.c >&5
configure:8846: $? = 0
configure:8859: result: yes
configure:8883: checking if gcc supports -c -o file.o
configure:8904: gcc -c -g -O2 -DFT_CONFIG_OPTION_SYSTEM_ZLIB -DDARWIN_NO_CARBON  -o out/conftest2.o conftest.c >&5
configure:8908: $? = 0
configure:8930: result: yes
configure:8956: checking whether the gcc linker (/Developer/usr/libexec/gcc/i686-apple-darwin10/4.2.1/ld) supports shared libraries
configure:9852: result: yes
configure:9923: checking dynamic linker characteristics
configure:10469: result: darwin10.7.0 dyld
configure:10473: checking how to hardcode library paths into programs
configure:10498: result: immediate
configure:10512: checking whether stripping libraries is possible
configure:10525: result: yes
configure:11347: checking if libtool supports shared libraries
configure:11349: result: yes
configure:11352: checking whether to build shared libraries
configure:11373: result: yes
configure:11376: checking whether to build static libraries
configure:11380: result: yes
configure:11472: creating libtool
configure:12050: checking for ld used by g++
configure:12117: result: /Developer/usr/libexec/gcc/i686-apple-darwin10/4.2.1/ld
configure:12126: checking if the linker (/Developer/usr/libexec/gcc/i686-apple-darwin10/4.2.1/ld) is GNU ld
configure:12141: result: no
configure:12192: checking whether the g++ linker (/Developer/usr/libexec/gcc/i686-apple-darwin10/4.2.1/ld) supports shared libraries
configure:13079: result: yes
configure:13097: g++ -c -g -O2  conftest.cc >&5
configure:13100: $? = 0
configure:13196: checking for g++ option to produce PIC
configure:13464: result: -fno-common
configure:13472: checking if g++ PIC flag -fno-common works
configure:13490: g++ -c -g -O2  -fno-common -DPIC conftest.cc >&5
configure:13494: $? = 0
configure:13507: result: yes
configure:13531: checking if g++ supports -c -o file.o
configure:13552: g++ -c -g -O2  -o out/conftest2.o conftest.cc >&5
configure:13556: $? = 0
configure:13578: result: yes
configure:13604: checking whether the g++ linker (/Developer/usr/libexec/gcc/i686-apple-darwin10/4.2.1/ld) supports shared libraries
configure:13629: result: yes
configure:13700: checking dynamic linker characteristics
configure:14246: result: darwin10.7.0 dyld
configure:14250: checking how to hardcode library paths into programs
configure:14275: result: immediate
configure:14289: checking whether stripping libraries is possible
configure:14302: result: yes
configure:21917: creating ./config.status

## ---------------------- ##
## Running config.status. ##
## ---------------------- ##

This file was extended by config.status, which was
generated by GNU Autoconf 2.59b.  Invocation command line was

  CONFIG_FILES    = 
  CONFIG_HEADERS  = 
  CONFIG_LINKS    = 
  CONFIG_COMMANDS = 
  $ ./config.status 

on Onca.local

config.status:680: creating unix-cc.mk
config.status:680: creating unix-def.mk
config.status:680: creating freetype-config
config.status:680: creating freetype2.pc
config.status:784: creating ftconfig.h

## ---------------- ##
## Cache variables. ##
## ---------------- ##

ac_cv_build=i686-apple-darwin10.7.0
ac_cv_build_alias=i686-apple-darwin10.7.0
ac_cv_c_compiler_gnu=yes
ac_cv_c_const=yes
ac_cv_cxx_compiler_gnu=yes
ac_cv_env_CC_set=
ac_cv_env_CC_value=
ac_cv_env_CFLAGS_set=
ac_cv_env_CFLAGS_value=
ac_cv_env_CPPFLAGS_set=
ac_cv_env_CPPFLAGS_value=
ac_cv_env_CPP_set=
ac_cv_env_CPP_value=
ac_cv_env_CXXCPP_set=
ac_cv_env_CXXCPP_value=
ac_cv_env_CXXFLAGS_set=
ac_cv_env_CXXFLAGS_value=
ac_cv_env_CXX_set=
ac_cv_env_CXX_value=
ac_cv_env_F77_set=
ac_cv_env_F77_value=
ac_cv_env_FFLAGS_set=
ac_cv_env_FFLAGS_value=
ac_cv_env_LDFLAGS_set=
ac_cv_env_LDFLAGS_value=
ac_cv_env_build_alias_set=
ac_cv_env_build_alias_value=
ac_cv_env_host_alias_set=
ac_cv_env_host_alias_value=
ac_cv_env_target_alias_set=
ac_cv_env_target_alias_value=
ac_cv_exeext=
ac_cv_f77_compiler_gnu=no
ac_cv_func_getpagesize=yes
ac_cv_func_memcpy=yes
ac_cv_func_memmove=yes
ac_cv_func_mmap_fixed_mapped=yes
ac_cv_have_decl_munmap=yes
ac_cv_header_dlfcn_h=yes
ac_cv_header_fcntl_h=yes
ac_cv_header_inttypes_h=yes
ac_cv_header_memory_h=yes
ac_cv_header_stdc=yes
ac_cv_header_stdint_h=yes
ac_cv_header_stdlib_h=yes
ac_cv_header_string_h=yes
ac_cv_header_strings_h=yes
ac_cv_header_sys_stat_h=yes
ac_cv_header_sys_types_h=yes
ac_cv_header_unistd_h=yes
ac_cv_header_zlib_h=yes
ac_cv_host=i686-apple-darwin10.7.0
ac_cv_host_alias=i686-apple-darwin10.7.0
ac_cv_lib_z_gzsetparams=yes
ac_cv_objext=o
ac_cv_path_EGREP='/usr/bin/grep -E'
ac_cv_path_GREP=/usr/bin/grep
ac_cv_path_install='/opt/local/bin/ginstall -c'
ac_cv_prog_CPP='gcc -E'
ac_cv_prog_CXXCPP='g++ -E'
ac_cv_prog_RMDIR=rmdir
ac_cv_prog_RMF='rm -f'
ac_cv_prog_ac_ct_AR=ar
ac_cv_prog_ac_ct_CC=gcc
ac_cv_prog_ac_ct_CXX=g++
ac_cv_prog_ac_ct_RANLIB=ranlib
ac_cv_prog_ac_ct_STRIP=strip
ac_cv_prog_cc_g=yes
ac_cv_prog_cc_stdc=
ac_cv_prog_cxx_g=yes
ac_cv_prog_f77_g=no
ac_cv_sizeof_int=4
ac_cv_sizeof_long=8
ac_cv_target=i686-apple-darwin10.7.0
ac_cv_target_alias=i686-apple-darwin10.7.0
ac_cv_type_int=yes
ac_cv_type_long=yes
lt_cv_deplibs_check_method=pass_all
lt_cv_file_magic_cmd='$MAGIC_CMD'
lt_cv_file_magic_test_file=
lt_cv_ld_reload_flag=-r
lt_cv_objdir=.libs
lt_cv_path_LD=/Developer/usr/libexec/gcc/i686-apple-darwin10/4.2.1/ld
lt_cv_path_LDCXX=/Developer/usr/libexec/gcc/i686-apple-darwin10/4.2.1/ld
lt_cv_path_NM=/Developer/usr/bin/nm
lt_cv_path_SED=/opt/local/bin/gsed
lt_cv_prog_compiler_c_o=yes
lt_cv_prog_compiler_c_o_CXX=yes
lt_cv_prog_compiler_rtti_exceptions=no
lt_cv_prog_gnu_ld=no
lt_cv_prog_gnu_ldcxx=no
lt_cv_sys_global_symbol_pipe='sed -n -e '\''s/^.*[ 	]\([BCDEGRST][BCDEGRST]*\)[ 	][ 	]*_\([_A-Za-z][_A-Za-z0-9]*\)$/\1 _\2 \2/p'\'''
lt_cv_sys_global_symbol_to_c_name_address='sed -n -e '\''s/^: \([^ ]*\) $/  {\"\1\", (lt_ptr) 0},/p'\'' -e '\''s/^[BCDEGRST] \([^ ]*\) \([^ ]*\)$/  {"\2", (lt_ptr) \&\2},/p'\'''
lt_cv_sys_global_symbol_to_cdecl='sed -n -e '\''s/^. .* \(.*\)$/extern int \1;/p'\'''
lt_cv_sys_max_cmd_len=196608
lt_lt_cv_prog_compiler_c_o='"yes"'
lt_lt_cv_prog_compiler_c_o_CXX='"yes"'
lt_lt_cv_sys_global_symbol_pipe='"sed -n -e '\''s/^.*[ 	]\\([BCDEGRST][BCDEGRST]*\\)[ 	][ 	]*_\\([_A-Za-z][_A-Za-z0-9]*\\)\$/\\1 _\\2 \\2/p'\''"'
lt_lt_cv_sys_global_symbol_to_c_name_address='"sed -n -e '\''s/^: \\([^ ]*\\) \$/  {\\\"\\1\\\", (lt_ptr) 0},/p'\'' -e '\''s/^[BCDEGRST] \\([^ ]*\\) \\([^ ]*\\)\$/  {\"\\2\", (lt_ptr) \\&\\2},/p'\''"'
lt_lt_cv_sys_global_symbol_to_cdecl='"sed -n -e '\''s/^. .* \\(.*\\)\$/extern int \\1;/p'\''"'

## ----------------- ##
## Output variables. ##
## ----------------- ##

AR='ar'
CC='gcc'
CFLAGS='-g -O2 -DFT_CONFIG_OPTION_SYSTEM_ZLIB -DDARWIN_NO_CARBON'
CPP='gcc -E'
CPPFLAGS=''
CXX='g++'
CXXCPP='g++ -E'
CXXFLAGS='-g -O2'
DEFS='-DHAVE_CONFIG_H'
ECHO='/bin/echo'
ECHO_C='ECHO_N=''
ECHO_T=''
EGREP='/usr/bin/grep -E'
EXEEXT=''
F77=''
FFLAGS=''
FTSYS_SRC='$(BUILD_DIR)/ftsystem.c'
GREP='/usr/bin/grep'
INSTALL_DATA='${INSTALL} -m 644'
INSTALL_PROGRAM='${INSTALL}'
INSTALL_SCRIPT='${INSTALL}'
LDFLAGS=' -lz'
LIBOBJS=''
LIBS=''
LIBTOOL='$(SHELL) $(top_builddir)/libtool'
LIBZ='-lz'
LN_S='ln -s'
LTLIBOBJS=''
OBJEXT='o'
PACKAGE_BUGREPORT=''
PACKAGE_NAME=''
PACKAGE_STRING=''
PACKAGE_TARNAME=''
PACKAGE_VERSION=''
PATH_SEPARATOR=':'
RANLIB='ranlib'
RMDIR='rmdir'
RMF='rm -f'
SHELL='/bin/sh'
STRIP='strip'
SYSTEM_ZLIB='yes'
XX_ANSIFLAGS='-pedantic -ansi'
XX_CFLAGS='-Wall'
ac_ct_AR='ar'
ac_ct_CC='gcc'
ac_ct_CXX='g++'
ac_ct_F77=''
ac_ct_RANLIB='ranlib'
ac_ct_STRIP='strip'
bindir='${exec_prefix}/bin'
build='i686-apple-darwin10.7.0'
build_alias=''
build_cpu='i686'
build_os='darwin10.7.0'
build_vendor='apple'
datadir='${prefix}/share'
enable_shared='yes'
exec_prefix='${prefix}'
ft_version='9.8.3'
hardcode_libdir_flag_spec=''
host='i686-apple-darwin10.7.0'
host_alias=''
host_cpu='i686'
host_os='darwin10.7.0'
host_vendor='apple'
includedir='${prefix}/include'
infodir='${prefix}/info'
libdir='${exec_prefix}/lib'
libexecdir='${exec_prefix}/libexec'
localstatedir='${prefix}/var'
mandir='${prefix}/man'
oldincludedir='/usr/include'
prefix='/Users/jeffrey/Documents/Projects/cavewriting/CW2/build/osx/buildlib'
program_transform_name='s,x,x,'
sbindir='${exec_prefix}/sbin'
sharedstatedir='${prefix}/com'
sysconfdir='${prefix}/etc'
target='i686-apple-darwin10.7.0'
target_alias=''
target_cpu='i686'
target_os='darwin10.7.0'
target_vendor='apple'
version_info='9:8:3'
wl=''

## ----------- ##
## confdefs.h. ##
## ----------- ##

             
#define HAVE_DECL_MUNMAP 1
#define HAVE_DLFCN_H 1
#define HAVE_FCNTL_H 1
#define HAVE_GETPAGESIZE 1
#define HAVE_INTTYPES_H 1
#define HAVE_MEMCPY 1
#define HAVE_MEMMOVE 1
#define HAVE_MEMORY_H 1
#define HAVE_MMAP 1
#define HAVE_STDINT_H 1
#define HAVE_STDLIB_H 1
#define HAVE_STDLIB_H 1
#define HAVE_STRINGS_H 1
#define HAVE_STRING_H 1
#define HAVE_SYS_STAT_H 1
#define HAVE_SYS_TYPES_H 1
#define HAVE_UNISTD_H 1
#define HAVE_UNISTD_H 1
#define HAVE_UNISTD_H 1
#define MUNMAP_USES_VOIDP
#define PACKAGE_BUGREPORT ""
#define PACKAGE_NAME ""
#define PACKAGE_STRING ""
#define PACKAGE_TARNAME ""
#define PACKAGE_VERSION ""
#define SIZEOF_INT 4
#define SIZEOF_LONG 8
#define STDC_HEADERS 1
#endif
#ifdef __cplusplus
extern "C" void exit (int);

configure: exit 0
